***********1000   1000   1000    1***********
9.128080757 seconds
***********1000   1000   1000    2***********
5.332015344 seconds
***********1000   1000   1000    4***********
4.154573478 seconds
***********1000   1000   1000    8***********
4.999506073 seconds
***********1000   1000   1000    12***********
4.508318286 seconds
***********1000   1000   1000    14***********
6.055347980 seconds
***********1000   1000   1000    16***********
6.117073848 seconds
***********1000   1000   1000    20***********
5.933669902 seconds
***********1000   1000   1000    24***********
5.641075498 seconds
***********1000   1000   1000    28***********
5.289705603 seconds
***********1000   1000   2000    1***********
15.891028470 seconds
***********1000   1000   2000    2***********
12.236601398 seconds
***********1000   1000   2000    4***********
11.562898872 seconds
***********1000   1000   2000    8***********
9.305483923 seconds
***********1000   1000   2000    12***********
9.338400607 seconds
***********1000   1000   2000    14***********
11.276483369 seconds
***********1000   1000   2000    16***********
12.063174554 seconds
***********1000   1000   2000    20***********
10.743638905 seconds
***********1000   1000   2000    24***********
8.853630169 seconds
***********1000   1000   2000    28***********
9.723320591 seconds
***********1000   2000   5000    1***********
86.934688087 seconds
***********1000   2000   5000    2***********
53.129401604 seconds
***********1000   2000   5000    4***********
54.980836936 seconds
***********1000   2000   5000    8***********
54.574756655 seconds
***********1000   2000   5000    12***********
54.798564059 seconds
***********1000   2000   5000    14***********
54.372099696 seconds
***********1000   2000   5000    16***********
53.449902462 seconds
***********1000   2000   5000    20***********
52.946603456 seconds
***********1000   2000   5000    24***********
53.705739957 seconds
***********1000   2000   5000    28***********
55.104600983 seconds
***********5000   5000   5000    1***********
1092.142457239 seconds
