1000   2000   5000    5
6.279748781 seconds
1000   2000   5000    5
3.721389315 seconds
1000   2000   5000    5
3.728741849 seconds
1000   2000   5000    5
3.744005208 seconds
1000   2000   5000    5
3.752581806 seconds
1000   2000   5000    5
3.788546921 seconds
1000   2000   5000    5
3.855660613 seconds
1000   2000   5000    5
3.839573792 seconds
1000   2000   5000    5
3.824655250 seconds
1000   2000   5000    5
3.785150572 seconds
1000   2000   5000    5
13.703904444 seconds
1000   2000   5000    5
8.521658324 seconds
1000   2000   5000    5
8.166182448 seconds
1000   2000   5000    5
8.232979341 seconds
1000   2000   5000    5
8.028463637 seconds
1000   2000   5000    5
7.880899966 seconds
1000   2000   5000    5
7.886242913 seconds
1000   2000   5000    5
7.638620898 seconds
1000   2000   5000    5
7.657510290 seconds
1000   2000   5000    5
7.703924073 seconds
1000   2000   5000    5
75.066083163 seconds
1000   2000   5000    5
45.258976543 seconds
1000   2000   5000    5
44.572797088 seconds
1000   2000   5000    5
41.484344066 seconds
1000   2000   5000    5
41.188524443 seconds
