1000   2000   5000    5
8.844473265 seconds
1000   2000   5000    5
4.465532079 seconds
1000   2000   5000    5
4.824249944 seconds
1000   2000   5000    5
4.368489653 seconds
1000   2000   5000    5
5.634761612 seconds
1000   2000   5000    5
6.015633280 seconds
1000   2000   5000    5
6.011359603 seconds
1000   2000   5000    5
5.744332736 seconds
1000   2000   5000    5
5.480531148 seconds
1000   2000   5000    5
4.727278441 seconds
1000   2000   5000    5
16.445939501 seconds
1000   2000   5000    5
12.024887739 seconds
1000   2000   5000    5
11.085296620 seconds
1000   2000   5000    5
9.277878792 seconds
1000   2000   5000    5
9.582793315 seconds
