***********9000   2500   3750    1***********
525.551254075 seconds
***********9000   2500   3750    2***********
310.964887318 seconds
***********9000   2500   3750    4***********
319.657932312 seconds
***********9000   2500   3750    8***********
312.035672942 seconds
***********9000   2500   3750    12***********
306.542376783 seconds
***********9000   2500   3750    14***********
306.153927387 seconds
***********9000   2500   3750    16***********
305.004537543 seconds
***********9000   2500   3750    20***********
304.768256110 seconds
***********9000   2500   3750    24***********
305.314344303 seconds
***********9000   2500   3750    28***********
297.147460388 seconds
